2016/11/17 16:20:59 INFO  - jmeter.util.JMeterUtils: Setting Locale to ko_KR 
2016/11/17 16:20:59 ERROR - jmeter.util.JMeterUtils: Could not find resources for 'ko_KR' 
2016/11/17 16:20:59 INFO  - jmeter.JMeter: Loading user properties from: /Users/gunlee/Documents/workspace/scouter/scouter-demo/demo-env1/jmeter/bin/user.properties 
2016/11/17 16:20:59 INFO  - jmeter.JMeter: Loading system properties from: /Users/gunlee/Documents/workspace/scouter/scouter-demo/demo-env1/jmeter/bin/system.properties 
2016/11/17 16:20:59 INFO  - jmeter.JMeter: Copyright (c) 1998-2015 The Apache Software Foundation 
2016/11/17 16:20:59 INFO  - jmeter.JMeter: Version 2.13 r1665067 
2016/11/17 16:20:59 INFO  - jmeter.JMeter: java.version=1.8.0_25 
2016/11/17 16:20:59 INFO  - jmeter.JMeter: java.vm.name=Java HotSpot(TM) 64-Bit Server VM 
2016/11/17 16:20:59 INFO  - jmeter.JMeter: os.name=Mac OS X 
2016/11/17 16:20:59 INFO  - jmeter.JMeter: os.arch=x86_64 
2016/11/17 16:20:59 INFO  - jmeter.JMeter: os.version=10.12.1 
2016/11/17 16:20:59 INFO  - jmeter.JMeter: file.encoding=UTF-8 
2016/11/17 16:20:59 INFO  - jmeter.JMeter: Default Locale=한국어 (대한민국) 
2016/11/17 16:20:59 INFO  - jmeter.JMeter: JMeter  Locale=한국어 (대한민국) 
2016/11/17 16:20:59 INFO  - jmeter.JMeter: JMeterHome=/Users/gunlee/Documents/workspace/scouter/scouter-demo/demo-env1/jmeter 
2016/11/17 16:20:59 INFO  - jmeter.JMeter: user.dir  =/Users/gunlee/Documents/workspace/scouter/scouter-demo/demo-env1/jmeter/bin 
2016/11/17 16:20:59 INFO  - jmeter.JMeter: PWD       =/Users/gunlee/Documents/workspace/scouter/scouter-demo/demo-env1/jmeter/bin 
2016/11/17 16:20:59 INFO  - jmeter.JMeter: IP: 192.168.0.111 Name: GunMac.local FullName: 192.168.0.111 
2016/11/17 16:20:59 INFO  - jmeter.services.FileServer: Default base='/Users/gunlee/Documents/workspace/scouter/scouter-demo/demo-env1/jmeter/bin' 
2016/11/17 16:20:59 INFO  - jmeter.services.FileServer: Set new base='/Users/gunlee/Documents/workspace/scouter/scouter-demo/demo-env1/jmeter/bin' 
2016/11/17 16:20:59 INFO  - jmeter.save.SaveService: Testplan (JMX) version: 2.2. Testlog (JTL) version: 2.2 
2016/11/17 16:20:59 INFO  - jmeter.save.SaveService: Using SaveService properties file encoding UTF-8 
2016/11/17 16:20:59 INFO  - jmeter.save.SaveService: Using SaveService properties file version 1656252 
2016/11/17 16:20:59 INFO  - jmeter.save.SaveService: Using SaveService properties version 2.8 
2016/11/17 16:20:59 INFO  - jmeter.save.SaveService: All converter versions present and correct 
2016/11/17 16:20:59 INFO  - jmeter.save.SaveService: Loading file: scouter-demo1.jmx 
2016/11/17 16:20:59 INFO  - jmeter.protocol.http.sampler.HTTPSamplerBase: Cannot find .className property for htmlParser, using default 
2016/11/17 16:20:59 INFO  - jmeter.protocol.http.sampler.HTTPSamplerBase: Parser for text/html is  
2016/11/17 16:20:59 INFO  - jmeter.protocol.http.sampler.HTTPSamplerBase: Parser for application/xhtml+xml is  
2016/11/17 16:20:59 INFO  - jmeter.protocol.http.sampler.HTTPSamplerBase: Parser for application/xml is  
2016/11/17 16:20:59 INFO  - jmeter.protocol.http.sampler.HTTPSamplerBase: Parser for text/xml is  
2016/11/17 16:20:59 INFO  - jmeter.protocol.http.sampler.HTTPSamplerBase: Parser for text/vnd.wap.wml is org.apache.jmeter.protocol.http.parser.RegexpHTMLParser 
2016/11/17 16:20:59 INFO  - kg.apc.jmeter.threads.UltimateThreadGroup: Profile prop: null 
2016/11/17 16:20:59 INFO  - jmeter.protocol.http.control.CookieManager: Settings: Delete null: true Check: true Allow variable: true Save: false Prefix: COOKIE_ 
2016/11/17 16:20:59 INFO  - jmeter.JMeter: Creating summariser <summary> 
2016/11/17 16:20:59 INFO  - jmeter.engine.StandardJMeterEngine: Listeners will be started after enabling running version 
2016/11/17 16:20:59 INFO  - jmeter.engine.StandardJMeterEngine: To revert to the earlier behaviour, define jmeterengine.startlistenerslater=false 
2016/11/17 16:20:59 INFO  - jmeter.engine.StandardJMeterEngine: Running the test! 
2016/11/17 16:20:59 INFO  - jmeter.samplers.SampleEvent: List of sample_variables: [] 
2016/11/17 16:20:59 INFO  - jmeter.samplers.SampleEvent: List of sample_variables: [] 
2016/11/17 16:20:59 INFO  - jmeter.engine.util.CompoundVariable: Note: Function class names must contain the string: '.functions.' 
2016/11/17 16:20:59 INFO  - jmeter.engine.util.CompoundVariable: Note: Function class names must not contain the string: '.gui.' 
2016/11/17 16:20:59 INFO  - jmeter.JMeter: Running test (1479367259873) 
2016/11/17 16:20:59 INFO  - jmeter.engine.StandardJMeterEngine: Starting ThreadGroup: 1 : SERVICE-RAMPUP 
2016/11/17 16:20:59 INFO  - jmeter.engine.StandardJMeterEngine: Starting 1 threads for group SERVICE-RAMPUP. 
2016/11/17 16:20:59 INFO  - jmeter.engine.StandardJMeterEngine: Thread will continue on error 
2016/11/17 16:20:59 INFO  - kg.apc.jmeter.threads.AbstractSimpleThreadGroup: Starting thread group number 1 threads 1 
2016/11/17 16:20:59 INFO  - jmeter.threads.JMeterThread: jmeterthread.startearlier=true (see jmeter.properties) 
2016/11/17 16:20:59 INFO  - jmeter.threads.JMeterThread: Running PostProcessors in forward order 
2016/11/17 16:20:59 INFO  - kg.apc.jmeter.threads.AbstractSimpleThreadGroup: Started thread group number 1 
2016/11/17 16:20:59 INFO  - jmeter.engine.StandardJMeterEngine: Starting ThreadGroup: 2 : SERVICE-RAMPUP2 
2016/11/17 16:20:59 INFO  - jmeter.engine.StandardJMeterEngine: Starting 2 threads for group SERVICE-RAMPUP2. 
2016/11/17 16:20:59 INFO  - jmeter.engine.StandardJMeterEngine: Thread will continue on error 
2016/11/17 16:20:59 INFO  - kg.apc.jmeter.threads.AbstractSimpleThreadGroup: Starting thread group number 2 threads 2 
2016/11/17 16:20:59 INFO  - kg.apc.jmeter.threads.AbstractSimpleThreadGroup: Started thread group number 2 
2016/11/17 16:20:59 INFO  - jmeter.engine.StandardJMeterEngine: Starting ThreadGroup: 3 : E2E-FIXUSER 
2016/11/17 16:20:59 INFO  - jmeter.engine.StandardJMeterEngine: Starting 2 threads for group E2E-FIXUSER. 
2016/11/17 16:20:59 INFO  - jmeter.threads.JMeterThread: Thread started: SERVICE-RAMPUP 1-1 
2016/11/17 16:20:59 INFO  - jmeter.engine.StandardJMeterEngine: Thread will continue on error 
2016/11/17 16:20:59 INFO  - kg.apc.jmeter.threads.AbstractSimpleThreadGroup: Starting thread group number 3 threads 2 
2016/11/17 16:20:59 INFO  - kg.apc.jmeter.threads.UltimateThreadGroup: Profile prop: null 
2016/11/17 16:20:59 INFO  - kg.apc.jmeter.threads.UltimateThreadGroup: Profile prop: null 
2016/11/17 16:20:59 INFO  - kg.apc.jmeter.threads.AbstractSimpleThreadGroup: Started thread group number 3 
2016/11/17 16:20:59 INFO  - jmeter.engine.StandardJMeterEngine: Starting ThreadGroup: 4 : PetStore Case 1 
2016/11/17 16:20:59 INFO  - jmeter.engine.StandardJMeterEngine: Starting 12 threads for group PetStore Case 1. 
2016/11/17 16:20:59 INFO  - jmeter.engine.StandardJMeterEngine: Thread will continue on error 
2016/11/17 16:20:59 INFO  - kg.apc.jmeter.threads.AbstractSimpleThreadGroup: Starting thread group number 4 threads 12 
2016/11/17 16:20:59 INFO  - kg.apc.jmeter.threads.AbstractSimpleThreadGroup: Started thread group number 4 
2016/11/17 16:20:59 INFO  - jmeter.engine.StandardJMeterEngine: All thread groups have been started 
2016/11/17 16:21:01 INFO  - jmeter.threads.JMeterThread: Thread started: SERVICE-RAMPUP2 2-1 
2016/11/17 16:21:01 INFO  - jmeter.threads.JMeterThread: Thread started: PetStore Case 1 4-1 
2016/11/17 16:21:02 INFO  - jmeter.threads.JMeterThread: Thread started: E2E-FIXUSER 3-2 
2016/11/17 16:21:02 WARN  - jmeter.protocol.http.sampler.HTTPSamplerBase: Existing CookieManager HTTP Cookie Manager superseded by HTTP Cookie Manager 
2016/11/17 16:21:02 INFO  - jmeter.threads.JMeterThread: Thread started: PetStore Case 1 4-2 
2016/11/17 16:21:02 INFO  - jmeter.protocol.http.sampler.HTTPHCAbstractImpl: Local host = GunMac.local 
2016/11/17 16:21:02 INFO  - jmeter.protocol.http.sampler.HTTPHC4Impl: HTTP request retry count = 0 
2016/11/17 16:21:02 INFO  - jmeter.protocol.http.sampler.HTTPHC4Impl: Setting up HTTPS TrustAll scheme 
2016/11/17 16:21:02 INFO  - jmeter.util.JsseSSLManager: Using default SSL protocol: TLS 
2016/11/17 16:21:02 INFO  - jmeter.util.JsseSSLManager: SSL session context: per-thread 
2016/11/17 16:21:02 INFO  - jmeter.samplers.SampleResult: Note: Sample TimeStamps are START times 
2016/11/17 16:21:02 INFO  - jmeter.samplers.SampleResult: sampleresult.default.encoding is set to ISO-8859-1 
2016/11/17 16:21:02 INFO  - jmeter.samplers.SampleResult: sampleresult.useNanoTime=true 
2016/11/17 16:21:02 INFO  - jmeter.samplers.SampleResult: sampleresult.nanoThreadSleep=5000 
2016/11/17 16:21:02 INFO  - jmeter.threads.JMeterThread: Thread started: E2E-FIXUSER 3-1 
2016/11/17 16:21:02 WARN  - jmeter.protocol.http.sampler.HTTPSamplerBase: Existing CookieManager HTTP Cookie Manager superseded by HTTP Cookie Manager 
2016/11/17 16:21:03 INFO  - jmeter.reporters.Summariser: summary +      1 in   3.4s =    0.3/s Avg:    11 Min:    11 Max:    11 Err:     1 (100.00%) Active: 6 Started: 6 Finished: 0 
2016/11/17 16:21:03 INFO  - jmeter.threads.JMeterThread: Thread started: PetStore Case 1 4-3 
2016/11/17 16:21:04 INFO  - jmeter.threads.JMeterThread: Thread started: PetStore Case 1 4-4 
2016/11/17 16:21:04 INFO  - jmeter.threads.JMeterThread: Thread started: PetStore Case 1 4-5 
2016/11/17 16:21:04 INFO  - jmeter.threads.JMeterThread: Thread started: PetStore Case 1 4-6 
2016/11/17 16:21:04 INFO  - jmeter.threads.JMeterThread: Thread started: SERVICE-RAMPUP2 2-2 
2016/11/17 16:21:05 INFO  - jmeter.threads.JMeterThread: Thread started: PetStore Case 1 4-7 
2016/11/17 16:21:06 INFO  - jmeter.threads.JMeterThread: Thread started: PetStore Case 1 4-8 
2016/11/17 16:21:06 INFO  - jmeter.threads.JMeterThread: Thread started: PetStore Case 1 4-9 
2016/11/17 16:21:06 WARN  - jmeter.protocol.http.sampler.HTTPSamplerBase: Existing CookieManager HTTP Cookie Manager superseded by HTTP Cookie Manager 
2016/11/17 16:21:06 WARN  - jmeter.protocol.http.sampler.HTTPSamplerBase: Existing CookieManager HTTP Cookie Manager superseded by HTTP Cookie Manager 
2016/11/17 16:21:06 WARN  - jmeter.protocol.http.sampler.HTTPSamplerBase: Existing CookieManager HTTP Cookie Manager superseded by HTTP Cookie Manager 
2016/11/17 16:21:06 WARN  - jmeter.protocol.http.sampler.HTTPSamplerBase: Existing CookieManager HTTP Cookie Manager superseded by HTTP Cookie Manager 
2016/11/17 16:21:06 INFO  - jmeter.threads.JMeterThread: Thread started: PetStore Case 1 4-10 
2016/11/17 16:21:07 INFO  - jmeter.threads.JMeterThread: Thread started: PetStore Case 1 4-11 
2016/11/17 16:21:08 INFO  - jmeter.threads.JMeterThread: Thread started: PetStore Case 1 4-12 
2016/11/17 16:21:08 WARN  - jmeter.protocol.http.sampler.HTTPSamplerBase: Existing CookieManager HTTP Cookie Manager superseded by HTTP Cookie Manager 
2016/11/17 16:21:08 WARN  - jmeter.protocol.http.sampler.HTTPSamplerBase: Existing CookieManager HTTP Cookie Manager superseded by HTTP Cookie Manager 
2016/11/17 16:21:08 WARN  - jmeter.protocol.http.sampler.HTTPSamplerBase: Existing CookieManager HTTP Cookie Manager superseded by HTTP Cookie Manager 
2016/11/17 16:21:08 WARN  - jmeter.protocol.http.sampler.HTTPSamplerBase: Existing CookieManager HTTP Cookie Manager superseded by HTTP Cookie Manager 
2016/11/17 16:21:09 WARN  - jmeter.protocol.http.sampler.HTTPSamplerBase: Existing CookieManager HTTP Cookie Manager superseded by HTTP Cookie Manager 
2016/11/17 16:21:09 WARN  - jmeter.protocol.http.sampler.HTTPSamplerBase: Existing CookieManager HTTP Cookie Manager superseded by HTTP Cookie Manager 
2016/11/17 16:21:10 WARN  - jmeter.protocol.http.sampler.HTTPSamplerBase: Existing CookieManager HTTP Cookie Manager superseded by HTTP Cookie Manager 
2016/11/17 16:21:10 WARN  - jmeter.protocol.http.sampler.HTTPSamplerBase: Existing CookieManager HTTP Cookie Manager superseded by HTTP Cookie Manager 
2016/11/17 16:21:11 WARN  - jmeter.protocol.http.sampler.HTTPSamplerBase: Existing CookieManager HTTP Cookie Manager superseded by HTTP Cookie Manager 
2016/11/17 16:21:11 WARN  - jmeter.protocol.http.sampler.HTTPSamplerBase: Existing CookieManager HTTP Cookie Manager superseded by HTTP Cookie Manager 
2016/11/17 16:21:11 INFO  - jmeter.reporters.ResultCollector: Shutdown hook started 
2016/11/17 16:21:11 INFO  - jmeter.reporters.ResultCollector: Shutdown hook ended 
